e:\my work\univesity bonn\semester 1\computer graphics lab\final project\procedural_modelling_program\procedural_modeling_program\release\vc141.pdb
e:\my work\univesity bonn\semester 1\computer graphics lab\final project\procedural_modelling_program\procedural_modeling_program\release\glad.obj
e:\my work\univesity bonn\semester 1\computer graphics lab\final project\procedural_modelling_program\procedural_modeling_program\release\render.obj
e:\my work\univesity bonn\semester 1\computer graphics lab\final project\procedural_modelling_program\procedural_modeling_program\release\model.obj
e:\my work\univesity bonn\semester 1\computer graphics lab\final project\procedural_modelling_program\procedural_modeling_program\release\main.obj
e:\my work\univesity bonn\semester 1\computer graphics lab\final project\procedural_modelling_program\procedural_modeling_program\release\shape.obj
e:\my work\univesity bonn\semester 1\computer graphics lab\final project\procedural_modelling_program\procedural_modeling_program\release\optimization.obj
e:\my work\univesity bonn\semester 1\final project\procedural_modelling_program_mine\procedural_modeling_program\release\vc141.pdb
e:\my work\univesity bonn\semester 1\final project\procedural_modelling_program_mine\procedural_modeling_program\release\glad.obj
e:\my work\univesity bonn\semester 1\final project\procedural_modelling_program_mine\procedural_modeling_program\release\render.obj
e:\my work\univesity bonn\semester 1\final project\procedural_modelling_program_mine\procedural_modeling_program\release\model.obj
e:\my work\univesity bonn\semester 1\final project\procedural_modelling_program_mine\procedural_modeling_program\release\main.obj
e:\my work\univesity bonn\semester 1\final project\procedural_modelling_program_mine\procedural_modeling_program\release\shape.obj
e:\my work\univesity bonn\semester 1\final project\procedural_modelling_program_mine\procedural_modeling_program\release\optimization.obj
e:\my work\univesity bonn\semester 1\computer graphics lab\final project\procedural_modelling_program\release\procedural_modeling_program.exe
e:\my work\univesity bonn\semester 1\computer graphics lab\final project\procedural_modelling_program\release\procedural_modeling_program.pdb
e:\my work\univesity bonn\semester 1\computer graphics lab\final project\procedural_modelling_program\release\procedural_modeling_program.ipdb
e:\my work\univesity bonn\semester 1\computer graphics lab\final project\procedural_modelling_program\release\procedural_modeling_program.iobj
e:\my work\univesity bonn\semester 1\final project\procedural_modelling_program_mine\release\procedural_modeling_program.pdb
e:\my work\univesity bonn\semester 1\final project\procedural_modelling_program_mine\procedural_modeling_program\release\procedur.0ab30eca.tlog\cl.command.1.tlog
e:\my work\univesity bonn\semester 1\final project\procedural_modelling_program_mine\procedural_modeling_program\release\procedur.0ab30eca.tlog\cl.read.1.tlog
e:\my work\univesity bonn\semester 1\final project\procedural_modelling_program_mine\procedural_modeling_program\release\procedur.0ab30eca.tlog\cl.write.1.tlog
e:\my work\univesity bonn\semester 1\final project\procedural_modelling_program_mine\procedural_modeling_program\release\procedur.0ab30eca.tlog\link.command.1.tlog
e:\my work\univesity bonn\semester 1\final project\procedural_modelling_program_mine\procedural_modeling_program\release\procedur.0ab30eca.tlog\link.read.1.tlog
e:\my work\univesity bonn\semester 1\final project\procedural_modelling_program_mine\procedural_modeling_program\release\procedur.0ab30eca.tlog\link.write.1.tlog
e:\my work\univesity bonn\semester 1\final project\procedural_modelling_program_mine\procedural_modeling_program\release\procedur.0ab30eca.tlog\procedural_modeling_program.write.1u.tlog
