render.obj : error LNK2019: unresolved external symbol glfwInit referenced in function "public: struct GLFWwindow * __cdecl visualisation::render::intiframework(void)" (?intiframework@render@visualisation@@QEAAPEAUGLFWwindow@@XZ)
render.obj : error LNK2019: unresolved external symbol glfwTerminate referenced in function "public: struct GLFWwindow * __cdecl visualisation::render::intiframework(void)" (?intiframework@render@visualisation@@QEAAPEAUGLFWwindow@@XZ)
render.obj : error LNK2019: unresolved external symbol glfwWindowHint referenced in function "public: struct GLFWwindow * __cdecl visualisation::render::intiframework(void)" (?intiframework@render@visualisation@@QEAAPEAUGLFWwindow@@XZ)
render.obj : error LNK2019: unresolved external symbol glfwCreateWindow referenced in function "public: struct GLFWwindow * __cdecl visualisation::render::intiframework(void)" (?intiframework@render@visualisation@@QEAAPEAUGLFWwindow@@XZ)
render.obj : error LNK2019: unresolved external symbol glfwWindowShouldClose referenced in function "public: void __cdecl visualisation::render::visualise(void)" (?visualise@render@visualisation@@QEAAXXZ)
render.obj : error LNK2019: unresolved external symbol glfwSetWindowShouldClose referenced in function "void __cdecl visualisation::processInput(struct GLFWwindow *)" (?processInput@visualisation@@YAXPEAUGLFWwindow@@@Z)
render.obj : error LNK2019: unresolved external symbol glfwSetFramebufferSizeCallback referenced in function "public: struct GLFWwindow * __cdecl visualisation::render::intiframework(void)" (?intiframework@render@visualisation@@QEAAPEAUGLFWwindow@@XZ)
render.obj : error LNK2019: unresolved external symbol glfwPollEvents referenced in function "public: void __cdecl visualisation::render::visualise(void)" (?visualise@render@visualisation@@QEAAXXZ)
render.obj : error LNK2019: unresolved external symbol glfwSetInputMode referenced in function "public: struct GLFWwindow * __cdecl visualisation::render::intiframework(void)" (?intiframework@render@visualisation@@QEAAPEAUGLFWwindow@@XZ)
render.obj : error LNK2019: unresolved external symbol glfwGetKey referenced in function "void __cdecl visualisation::processInput(struct GLFWwindow *)" (?processInput@visualisation@@YAXPEAUGLFWwindow@@@Z)
render.obj : error LNK2019: unresolved external symbol glfwSetCursorPosCallback referenced in function "public: struct GLFWwindow * __cdecl visualisation::render::intiframework(void)" (?intiframework@render@visualisation@@QEAAPEAUGLFWwindow@@XZ)
render.obj : error LNK2019: unresolved external symbol glfwSetScrollCallback referenced in function "public: struct GLFWwindow * __cdecl visualisation::render::intiframework(void)" (?intiframework@render@visualisation@@QEAAPEAUGLFWwindow@@XZ)
render.obj : error LNK2019: unresolved external symbol glfwGetTime referenced in function "public: void __cdecl visualisation::render::visualise(void)" (?visualise@render@visualisation@@QEAAXXZ)
render.obj : error LNK2019: unresolved external symbol glfwMakeContextCurrent referenced in function "public: struct GLFWwindow * __cdecl visualisation::render::intiframework(void)" (?intiframework@render@visualisation@@QEAAPEAUGLFWwindow@@XZ)
render.obj : error LNK2019: unresolved external symbol glfwSwapBuffers referenced in function "public: void __cdecl visualisation::render::visualise(void)" (?visualise@render@visualisation@@QEAAXXZ)
render.obj : error LNK2019: unresolved external symbol glfwGetProcAddress referenced in function "public: struct GLFWwindow * __cdecl visualisation::render::intiframework(void)" (?intiframework@render@visualisation@@QEAAPEAUGLFWwindow@@XZ)
render.obj : error LNK2019: unresolved external symbol "public: __cdecl Assimp::Importer::Importer(void)" (??0Importer@Assimp@@QEAA@XZ) referenced in function "private: void __cdecl Model::loadModel(class std::basic_string<char,struct std::char_traits<char>,class std::allocator<char> > const &)" (?loadModel@Model@@AEAAXAEBV?$basic_string@DU?$char_traits@D@std@@V?$allocator@D@2@@std@@@Z)
render.obj : error LNK2019: unresolved external symbol "public: __cdecl Assimp::Importer::~Importer(void)" (??1Importer@Assimp@@QEAA@XZ) referenced in function "private: void __cdecl Model::loadModel(class std::basic_string<char,struct std::char_traits<char>,class std::allocator<char> > const &)" (?loadModel@Model@@AEAAXAEBV?$basic_string@DU?$char_traits@D@std@@V?$allocator@D@2@@std@@@Z)
render.obj : error LNK2019: unresolved external symbol "public: struct aiScene const * __cdecl Assimp::Importer::ReadFile(char const *,unsigned int)" (?ReadFile@Importer@Assimp@@QEAAPEBUaiScene@@PEBDI@Z) referenced in function "public: struct aiScene const * __cdecl Assimp::Importer::ReadFile(class std::basic_string<char,struct std::char_traits<char>,class std::allocator<char> > const &,unsigned int)" (?ReadFile@Importer@Assimp@@QEAAPEBUaiScene@@AEBV?$basic_string@DU?$char_traits@D@std@@V?$allocator@D@2@@std@@I@Z)
render.obj : error LNK2019: unresolved external symbol "public: char const * __cdecl Assimp::Importer::GetErrorString(void)const " (?GetErrorString@Importer@Assimp@@QEBAPEBDXZ) referenced in function "private: void __cdecl Model::loadModel(class std::basic_string<char,struct std::char_traits<char>,class std::allocator<char> > const &)" (?loadModel@Model@@AEAAXAEBV?$basic_string@DU?$char_traits@D@std@@V?$allocator@D@2@@std@@@Z)
render.obj : error LNK2019: unresolved external symbol aiGetMaterialTextureCount referenced in function "public: unsigned int __cdecl aiMaterial::GetTextureCount(enum aiTextureType)const " (?GetTextureCount@aiMaterial@@QEBAIW4aiTextureType@@@Z)
render.obj : error LNK2019: unresolved external symbol aiGetMaterialTexture referenced in function "public: enum aiReturn __cdecl aiMaterial::GetTexture(enum aiTextureType,unsigned int,struct aiString *,enum aiTextureMapping *,unsigned int *,float *,enum aiTextureOp *,enum aiTextureMapMode *)const " (?GetTexture@aiMaterial@@QEBA?AW4aiReturn@@W4aiTextureType@@IPEAUaiString@@PEAW4aiTextureMapping@@PEAIPEAMPEAW4aiTextureOp@@PEAW4aiTextureMapMode@@@Z)
E:\My Work\Univesity Bonn\Semester 1\Computer Graphics Lab\Final Project\Procedural_Modelling_Program\Procedural_Modeling_Program\Libs\glew32d.lib : warning LNK4272: library machine type 'x86' conflicts with target machine type 'x64'
E:\My Work\Univesity Bonn\Semester 1\Computer Graphics Lab\Final Project\Procedural_Modelling_Program\Procedural_Modeling_Program\Libs\glfw3.lib : warning LNK4272: library machine type 'x86' conflicts with target machine type 'x64'
E:\My Work\Univesity Bonn\Semester 1\Computer Graphics Lab\Final Project\Procedural_Modelling_Program\Procedural_Modeling_Program\Libs\assimp-vc140-mt.lib : warning LNK4272: library machine type 'x86' conflicts with target machine type 'x64'
E:\My Work\Univesity Bonn\Semester 1\Computer Graphics Lab\Final Project\Procedural_Modelling_Program\x64\Debug\Procedural_Modeling_Program.exe : fatal error LNK1120: 22 unresolved externals
