e:\my work\univesity bonn\semester 1\computer graphics lab\final project\procedural_modelling_program\procedural_modeling_program\x64\debug\vc141.pdb
e:\my work\univesity bonn\semester 1\computer graphics lab\final project\procedural_modelling_program\procedural_modeling_program\x64\debug\vc141.idb
e:\my work\univesity bonn\semester 1\computer graphics lab\final project\procedural_modelling_program\procedural_modeling_program\x64\debug\glad.obj
e:\my work\univesity bonn\semester 1\computer graphics lab\final project\procedural_modelling_program\procedural_modeling_program\x64\debug\optimization.obj
e:\my work\univesity bonn\semester 1\computer graphics lab\final project\procedural_modelling_program\procedural_modeling_program\x64\debug\shape.obj
e:\my work\univesity bonn\semester 1\computer graphics lab\final project\procedural_modelling_program\procedural_modeling_program\x64\debug\main.obj
e:\my work\univesity bonn\semester 1\computer graphics lab\final project\procedural_modelling_program\procedural_modeling_program\x64\debug\model.obj
e:\my work\univesity bonn\semester 1\computer graphics lab\final project\procedural_modelling_program\procedural_modeling_program\x64\debug\render.obj
e:\my work\univesity bonn\semester 1\computer graphics lab\final project\procedural_modelling_program\procedural_modeling_program\x64\debug\stb_image.obj
e:\my work\univesity bonn\semester 1\computer graphics lab\final project\procedural_modelling_program\x64\debug\procedural_modeling_program.pdb
e:\my work\univesity bonn\semester 1\computer graphics lab\final project\procedural_modelling_program\procedural_modeling_program\x64\debug\procedur.0ab30eca.tlog\cl.command.1.tlog
e:\my work\univesity bonn\semester 1\computer graphics lab\final project\procedural_modelling_program\procedural_modeling_program\x64\debug\procedur.0ab30eca.tlog\cl.read.1.tlog
e:\my work\univesity bonn\semester 1\computer graphics lab\final project\procedural_modelling_program\procedural_modeling_program\x64\debug\procedur.0ab30eca.tlog\cl.write.1.tlog
e:\my work\univesity bonn\semester 1\computer graphics lab\final project\procedural_modelling_program\procedural_modeling_program\x64\debug\procedur.0ab30eca.tlog\link-cvtres.read.1.tlog
e:\my work\univesity bonn\semester 1\computer graphics lab\final project\procedural_modelling_program\procedural_modeling_program\x64\debug\procedur.0ab30eca.tlog\link-cvtres.write.1.tlog
e:\my work\univesity bonn\semester 1\computer graphics lab\final project\procedural_modelling_program\procedural_modeling_program\x64\debug\procedur.0ab30eca.tlog\link-rc.read.1.tlog
e:\my work\univesity bonn\semester 1\computer graphics lab\final project\procedural_modelling_program\procedural_modeling_program\x64\debug\procedur.0ab30eca.tlog\link-rc.write.1.tlog
e:\my work\univesity bonn\semester 1\computer graphics lab\final project\procedural_modelling_program\procedural_modeling_program\x64\debug\procedur.0ab30eca.tlog\link.command.1.tlog
e:\my work\univesity bonn\semester 1\computer graphics lab\final project\procedural_modelling_program\procedural_modeling_program\x64\debug\procedur.0ab30eca.tlog\link.read.1.tlog
e:\my work\univesity bonn\semester 1\computer graphics lab\final project\procedural_modelling_program\procedural_modeling_program\x64\debug\procedur.0ab30eca.tlog\link.write.1.tlog
